2025-03-26 16:27:08.8150|0|DEBUG|MvcWebApplication.Program|init main 
2025-03-26 16:27:09.9269|0|INFO|Microsoft.Hosting.Lifetime|Now listening on: https://localhost:5001 
2025-03-26 16:27:09.9269|0|INFO|Microsoft.Hosting.Lifetime|Now listening on: http://localhost:5000 
2025-03-26 16:27:09.9648|0|INFO|Microsoft.Hosting.Lifetime|Application started. Press Ctrl+C to shut down. 
2025-03-26 16:27:09.9648|0|INFO|Microsoft.Hosting.Lifetime|Hosting environment: Development 
2025-03-26 16:27:09.9648|0|INFO|Microsoft.Hosting.Lifetime|Content root path: C:\Users\jscha\OneDrive - Metropolitan Community College\spring_25\csharp_III\module_1\WebAppArchitectureSetupNet8\MvcWebApplication 
2025-03-26 16:27:11.3664|0|DEBUG|Microsoft.AspNetCore.Authentication.JwtBearer.JwtBearerHandler|AuthenticationScheme: Bearer was not authenticated. 
2025-03-26 16:27:11.3994|0|DEBUG|MvcWebApplication.ViewFunctions.HomeViewFunctions|NLog injected into HomeViewFunctions 
2025-03-26 16:27:11.3994|0|DEBUG|MvcWebApplication.Controllers.HomeController|NLog injected into HomeController 
2025-03-26 16:27:11.3994|0|INFO|MvcWebApplication.Controllers.HomeController|Index was called 
2025-03-26 17:03:09.2961|0|DEBUG|MvcWebApplication.Program|init main 
2025-03-26 17:03:10.4143|0|INFO|Microsoft.Hosting.Lifetime|Now listening on: https://localhost:5001 
2025-03-26 17:03:10.4143|0|INFO|Microsoft.Hosting.Lifetime|Now listening on: http://localhost:5000 
2025-03-26 17:03:10.4421|0|INFO|Microsoft.Hosting.Lifetime|Application started. Press Ctrl+C to shut down. 
2025-03-26 17:03:10.4421|0|INFO|Microsoft.Hosting.Lifetime|Hosting environment: Development 
2025-03-26 17:03:10.4421|0|INFO|Microsoft.Hosting.Lifetime|Content root path: C:\Users\jscha\OneDrive - Metropolitan Community College\spring_25\csharp_III\module_1\WebAppArchitectureSetupNet8\MvcWebApplication 
2025-03-26 17:03:11.4177|0|DEBUG|Microsoft.AspNetCore.Authentication.JwtBearer.JwtBearerHandler|AuthenticationScheme: Bearer was not authenticated. 
2025-03-26 17:03:11.4455|0|DEBUG|MvcWebApplication.ViewFunctions.HomeViewFunctions|NLog injected into HomeViewFunctions 
2025-03-26 17:03:11.4455|0|DEBUG|MvcWebApplication.Controllers.HomeController|NLog injected into HomeController 
2025-03-26 17:03:11.4455|0|INFO|MvcWebApplication.Controllers.HomeController|Index was called 
